        -:    0:Source:main.c
        -:    0:Graph:./main_prof.gcno
        -:    0:Data:./main_prof.gcda
        -:    0:Runs:1
        -:    1:#include <stdio.h>
        -:    2:#include <stdlib.h>
        -:    3:#include <stdint.h>
        -:    4:
        -:    5:#define N     4096      /* размер массива              */
        -:    6:#define REPS  2000      /* число проходов по массиву    */
        -:    7:
        -:    8:static int data[N];
        -:    9:
        -:   10:/* Генератор псевдослучайных чисел (LCG): одинаковые данные при каждом запуске,
        -:   11: * поэтому профиль, собранный на тренировочном запуске, совпадает с рабочим. */
        -:   12:static unsigned int seed = 12345u;
        -:   13:static unsigned int lcg(void)
        -:   14:{
     4181:   15:    seed = seed * 1103515245u + 12345u;
     4181:   16:    return (seed >> 16) & 0x7fff;
        -:   17:}
        -:   18:
        -:   19:/* Исследуемая функция.
        -:   20: * Условия подобраны так, что статические эвристики GCC (-fguess-branch-probability)
        -:   21: * ошибаются: ветви, которые они считают маловероятными или равновероятными,
        -:   22: * на реальных данных выполняются почти всегда. */
        -:   23:__attribute__((noipa))   /* запрет межпроцедурных оптимизаций: вызов не будет вынесен из цикла */
function process called 2000 returned 100% blocks executed 100%
     2000:   24:long process(const int *a, int n)
        -:   25:{
        -:   26:    long sum = 0;
  8194000:   27:    for (int i = 0; i < n; i++) {
branch  0 taken 8192000
branch  1 taken 2000 (fallthrough)
  8192000:   28:        int x = a[i];
  8192000:   29:        if (x < 0) {                /* эвристика: 41%,  на деле ~99%          */
branch  0 taken 8102000 (fallthrough)
branch  1 taken 90000
  8102000:   30:            sum += -x;
  8102000:   31:            if ((x & 1) == 0)       /* эвристика: 50%,  на деле ~99.5%        */
branch  0 taken 8064000 (fallthrough)
branch  1 taken 38000
  8064000:   32:                sum ^= x;
        -:   33:        } else {                    /* эвристика: 59%,  на деле ~1%           */
    90000:   34:            sum += x * 7;
    90000:   35:            sum = (sum << 3) | (sum >> 60);
        -:   36:        }
  8192000:   37:        if (x == -1000)             /* эвристика: 20%,  на деле ~98%          */
branch  0 taken 8022000 (fallthrough)
branch  1 taken 170000
  8022000:   38:            continue;
   170000:   39:        sum += i;
        -:   40:    }
     2000:   41:    return sum;
        -:   42:}
        -:   43:
        -:   44:static inline uint64_t tsc_start(void)
        -:   45:{
        -:   46:    unsigned hi, lo;
        1:   47:    asm volatile("CPUID\n\t"
call    0 returned 1
        -:   48:                 "RDTSC\n\t"
        -:   49:                 "mov %%edx, %0\n\t"
        -:   50:                 "mov %%eax, %1\n\t"
        -:   51:                 : "=r"(hi), "=r"(lo) :: "%rax", "%rbx", "%rcx", "%rdx");
        1:   52:    return ((uint64_t)hi << 32) | lo;
        -:   53:}
        -:   54:
        -:   55:static inline uint64_t tsc_stop(void)
        -:   56:{
        -:   57:    unsigned hi, lo;
        1:   58:    asm volatile("RDTSCP\n\t"
call    0 returned 1
        -:   59:                 "mov %%edx, %0\n\t"
        -:   60:                 "mov %%eax, %1\n\t"
        -:   61:                 "CPUID\n\t"
        -:   62:                 : "=r"(hi), "=r"(lo) :: "%rax", "%rbx", "%rcx", "%rdx");
        1:   63:    return ((uint64_t)hi << 32) | lo;
        -:   64:}
        -:   65:
function main called 1 returned 100% blocks executed 100%
        1:   66:int main(void)
        -:   67:{
     4097:   68:    for (int i = 0; i < N; i++) {
branch  0 taken 4096
branch  1 taken 1 (fallthrough)
     4096:   69:        unsigned r = lcg() % 100;
     4096:   70:        if (r == 0)       data[i] = (int)lcg();          /* 1%  : x >= 0      */
branch  0 taken 45 (fallthrough)
branch  1 taken 4051
     4051:   71:        else if (r == 1)  data[i] = -(int)lcg() - 1;     /* 1%  : x < 0, != -1000 */
branch  0 taken 40 (fallthrough)
branch  1 taken 4011
     4011:   72:        else              data[i] = -1000;               /* 98% : x == -1000  */
        -:   73:    }
        -:   74:
        -:   75:    long result = 0;
        -:   76:    uint64_t t0 = tsc_start();
     2001:   77:    for (int r = 0; r < REPS; r++)
branch  0 taken 2000
branch  1 taken 1 (fallthrough)
     2000:   78:        result += process(data, N);
call    0 returned 2000
        -:   79:    uint64_t t1 = tsc_stop();
        -:   80:
        1:   81:    printf("result = %ld, cycles = %llu\n", result, (unsigned long long)(t1 - t0));
call    0 returned 1
        -:   82:    return 0;
        -:   83:}
